<?xml version="1.0" encoding="UTF-8"?>
<!-- Generated by org.testng.reporters.JUnitReportReporter -->
<testsuite hostname="DESKTOP-HMKMG6M" failures="0" tests="1" name="tests.Two" time="28.234" errors="0" timestamp="2024-02-28T19:54:02 IST" skipped="0">
  <testcase classname="tests.Two" name="two" time="28.234"/>
  <system-out/>
</testsuite> <!-- tests.Two -->
