<?xml version="1.0" encoding="UTF-8"?>
<!-- Generated by org.testng.reporters.JUnitReportReporter -->
<testsuite hostname="DESKTOP-HMKMG6M" failures="0" tests="1" name="tests.One" time="20.286" errors="0" timestamp="2024-02-28T19:54:02 IST" skipped="0">
  <testcase classname="tests.One" name="one" time="20.286"/>
  <system-out/>
</testsuite> <!-- tests.One -->
